INFO:root:2 numbers
INFO:root:keypress complete
INFO:root:keypress complete
INFO:root:keypress complete
INFO:root:number of chars1
INFO:root:OCR result:[1]
INFO:root:keypress complete
INFO:root:number of chars6
INFO:root:number of chars6
INFO:root:number of chars6
INFO:root:number of chars6
INFO:root:number of chars5
INFO:root:OCR result:[2, 2, 5, 2, 1]
INFO:root:keypress complete
INFO:root:number of chars6
INFO:root:number of chars6
INFO:root:number of chars6
INFO:root:number of chars6
INFO:root:number of chars6
INFO:root:OCR result:[5, 1, 0, 6, 0, 9]
INFO:root:keypress complete
INFO:root:number of chars4
INFO:root:OCR result:[6, 1, 1, 6]
INFO:root:keypress complete
INFO:root:number of chars4
INFO:root:number of chars4
INFO:root:number of chars4
INFO:root:number of chars4
INFO:root:number of chars4
INFO:root:number of chars4
INFO:root:number of chars4
INFO:root:number of chars4
INFO:root:number of chars4
INFO:root:number of chars4
INFO:root:OCR result:[]
INFO:root:keypress complete
INFO:root:number of chars4
INFO:root:OCR result:[]
INFO:root:keypress complete
INFO:root:number of chars5
INFO:root:number of chars5
INFO:root:number of chars5
INFO:root:number of chars5
INFO:root:number of chars5
INFO:root:number of chars5
INFO:root:number of chars5
INFO:root:number of chars5
INFO:root:OCR result:[7, 7, 8, 7, 6]
INFO:root:keypress complete
INFO:root:number of chars4
INFO:root:OCR result:[6, 7, 0, 3]
INFO:root:keypress complete
INFO:root:number of chars4
INFO:root:OCR result:[9, 3, 3, 7]
INFO:root:keypress complete
INFO:root:number of chars4
INFO:root:OCR result:[2, 0, 5, 5]
INFO:root:keypress complete
INFO:root:number of chars5
INFO:root:number of chars5
INFO:root:number of chars5
INFO:root:OCR result:[9, 5, 2, 7, 7]
INFO:root:keypress complete
INFO:root:number of chars5
INFO:root:OCR result:[4, 2, 6, 6, 3]
INFO:root:keypress complete
INFO:root:number of chars4
INFO:root:OCR result:[3, 3, 5, 6]
INFO:root:keypress complete
